{"level":"info","message":"Server running on port 3000"}
{"message":"Server running on port 3000","level":"info"}
{"message":"Server running on port 3000","level":"info"}
{"message":"Server running on port 3000","level":"info"}
{"message":"Server running on port 3000","level":"info"}
{"message":"Server running on port 3000","level":"info"}
{"message":"Server running on port 3000","level":"info"}
{"message":"Server running on port 3000","level":"info"}
{"message":"Server running on port 3000","level":"info"}
{"message":"Server running on port 3000","level":"info"}
{"message":"Server running on port 3000","level":"info"}
{"message":"Server running on port 3000","level":"info"}
{"message":"Server running on port 3000","level":"info"}
{"message":"Server running on port 3000","level":"info"}
{"message":"Server running on port 3000","level":"info"}
{"message":"Server running on port 3000","level":"info"}
{"message":"Server running on port 3000","level":"info"}
{"message":"Server running on port 3000","level":"info"}
{"message":"Server running on port 3000","level":"info"}
{"message":"Server running on port 3000","level":"info"}
{"message":"Server running on port 3000","level":"info"}
{"message":"Server running on port 3000","level":"info"}
{"message":"Server running on port 3000","level":"info"}
{"message":"Server running on port 3000","level":"info"}
{"message":"Server running on port 3000","level":"info"}
{"message":"Server running on port 3000","level":"info"}
{"message":"Server running on port 3000","level":"info"}
{"message":"Server running on port 3000","level":"info"}
{"message":"Server running on port 3000","level":"info"}
{"message":"Server running on port 3000","level":"info"}
{"message":"Server running on port 3000","level":"info"}
{"message":"Server running on port 3000","level":"info"}
{"message":"Server running on port 3000","level":"info"}
{"message":"Server running on port 3000","level":"info"}
{"message":"Server running on port 3000","level":"info"}
{"message":"Server running on port 3000","level":"info"}
{"message":"Server running on port 3000","level":"info"}
{"message":"Server running on port 3000","level":"info"}
{"message":"Server running on port 3000","level":"info"}
{"message":"Server running on port 3000","level":"info"}
{"message":"Server running on port 3000","level":"info"}
{"message":"Server running on port 3000","level":"info"}
{"message":"Server running on port 3000","level":"info"}
{"message":"Server running on port 3000","level":"info"}
{"message":"Server running on port 3000","level":"info"}
{"message":"Server running on port 3000","level":"info"}
{"message":"Server running on port 3000","level":"info"}
{"message":"Server running on port 3000","level":"info"}
{"message":"Server running on port 3000","level":"info"}
{"message":"Server running on port 3000","level":"info"}
{"message":"Server running on port 3000","level":"info"}
{"message":"Server running on port 3000","level":"info"}
{"message":"Server running on port 3000","level":"info"}
{"message":"Server running on port 3000","level":"info"}
{"message":"Server running on port 3000","level":"info"}
{"message":"Server running on port 3000","level":"info"}
{"message":"Server running on port 3000","level":"info"}
{"message":"Server running on port 3000","level":"info"}
{"message":"Server running on port 3000","level":"info"}
{"message":"Server running on port 3000","level":"info"}
{"message":"Server running on port 3000","level":"info"}
{"message":"Server running on port 3000","level":"info"}
{"message":"Server running on port 3000","level":"info"}
{"message":"Server running on port 3000","level":"info"}
{"message":"Server running on port 3000","level":"info"}
{"message":"Server running on port 3000","level":"info"}
{"message":"Server running on port 3000","level":"info"}
{"message":"Server running on port 3000","level":"info"}
{"message":"Server running on port 3000","level":"info"}
{"message":"Server running on port 3000","level":"info"}
{"message":"Server running on port 3000","level":"info"}
{"message":"Server running on port 3000","level":"info"}
{"message":"Server running on port 3000","level":"info"}
{"message":"Server running on port 3000","level":"info"}
{"message":"Server running on port 3000","level":"info"}
{"message":"Server running on port 3000","level":"info"}
{"message":"Server running on port 3000","level":"info"}
{"message":"Server running on port 3000","level":"info"}
{"message":"Server running on port 3000","level":"info"}
{"message":"Server running on port 3000","level":"info"}
{"message":"Server running on port 3000","level":"info"}
{"message":"Server running on port 3000","level":"info"}
{"message":"Server running on port 3000","level":"info"}
{"message":"Server running on port 3000","level":"info"}
{"message":"Server running on port 3000","level":"info"}
<<<<<<< HEAD
=======
{"message":"Server running on port 3000","level":"info"}
{"message":"Server running on port 3000","level":"info"}
>>>>>>> 9dc539584d985fd5813b185ccb1da910b3c1035d
{"message":"Server running on port 3000","level":"info"}
{"message":"Server running on port 3000","level":"info"}
{"message":"Server running on port 3000","level":"info"}
{"message":"Server running on port 3000","level":"info"}
{"message":"Server running on port 3000","level":"info"}
{"message":"Server running on port 3000","level":"info"}
{"message":"Server running on port 3000","level":"info"}
{"message":"Server running on port 3000","level":"info"}
{"message":"Server running on port 3000","level":"info"}
{"message":"Server running on port 3000","level":"info"}
{"message":"Server running on port 3000","level":"info"}
{"message":"Server running on port 3000","level":"info"}
{"message":"Server running on port 3000","level":"info"}
{"message":"Server running on port 3000","level":"info"}
{"message":"Server running on port 3000","level":"info"}
{"message":"Server running on port 3000","level":"info"}
{"message":"Server running on port 3000","level":"info"}
{"message":"Server running on port 3000","level":"info"}
{"message":"Server running on port 3000","level":"info"}
{"message":"Server running on port 3000","level":"info"}
{"message":"Server running on port 3000","level":"info"}
{"message":"Server running on port 3000","level":"info"}
{"message":"Server running on port 3000","level":"info"}
{"message":"Server running on port 3000","level":"info"}
{"message":"Server running on port 3000","level":"info"}
{"message":"Server running on port 3000","level":"info"}
{"message":"Server running on port 3000","level":"info"}
{"message":"Server running on port 3000","level":"info"}
{"message":"Server running on port 3000","level":"info"}
{"message":"Server running on port 3000","level":"info"}
{"message":"Server running on port 3000","level":"info"}
{"message":"Server running on port 3000","level":"info"}
{"message":"Server running on port 3000","level":"info"}
{"message":"Server running on port 3000","level":"info"}
{"message":"Server running on port 3000","level":"info"}
{"message":"Server running on port 3000","level":"info"}
{"message":"Server running on port 3000","level":"info"}
{"message":"Server running on port 3000","level":"info"}
{"message":"Server running on port 3000","level":"info"}
{"message":"Server running on port 3000","level":"info"}
{"message":"Server running on port 3000","level":"info"}
{"message":"Server running on port 3000","level":"info"}
{"message":"Server running on port 3000","level":"info"}
{"message":"Server running on port 3000","level":"info"}
{"message":"Server running on port 3000","level":"info"}
{"message":"Server running on port 3000","level":"info"}
{"message":"Server running on port 3000","level":"info"}
{"message":"Server running on port 3000","level":"info"}
{"message":"Server running on port 3000","level":"info"}
{"message":"Server running on port 3000","level":"info"}
{"message":"Server running on port 3000","level":"info"}
{"message":"Server running on port 3000","level":"info"}
{"message":"Server running on port 3000","level":"info"}
{"message":"Server running on port 3000","level":"info"}
{"message":"Server running on port 3000","level":"info"}
{"message":"Server running on port 3000","level":"info"}
{"message":"Server running on port 3000","level":"info"}
{"message":"Server running on port 3000","level":"info"}
{"message":"Server running on port 3000","level":"info"}
{"message":"Server running on port 3000","level":"info"}
{"message":"Server running on port 3000","level":"info"}
{"message":"Server running on port 3000","level":"info"}
{"message":"Server running on port 3000","level":"info"}
{"message":"Server running on port 3000","level":"info"}
{"message":"Server running on port 3000","level":"info"}
{"message":"Server running on port 3000","level":"info"}
{"message":"Server running on port 3000","level":"info"}
{"message":"Server running on port 3000","level":"info"}
{"message":"Server running on port 3000","level":"info"}
{"message":"Server running on port 3000","level":"info"}
{"message":"Server running on port 3000","level":"info"}
{"message":"Server running on port 3000","level":"info"}
{"message":"Server running on port 3000","level":"info"}
{"message":"Server running on port 3000","level":"info"}
{"message":"Server running on port 3000","level":"info"}
{"message":"Server running on port 3000","level":"info"}
{"message":"Server running on port 3000","level":"info"}
{"message":"Server running on port 3000","level":"info"}
{"message":"Server running on port 3000","level":"info"}
{"message":"Server running on port 3000","level":"info"}
{"message":"Server running on port 3000","level":"info"}
{"message":"Server running on port 3000","level":"info"}
{"message":"Server running on port 3000","level":"info"}
{"message":"Server running on port 3000","level":"info"}
{"message":"Server running on port 3000","level":"info"}
{"message":"Server running on port 3000","level":"info"}
{"message":"Server running on port 3000","level":"info"}
{"message":"Server running on port 3000","level":"info"}
{"message":"Server running on port 3000","level":"info"}
{"message":"Server running on port 3000","level":"info"}
{"message":"Server running on port 3000","level":"info"}
{"message":"Server running on port 3000","level":"info"}
{"message":"Server running on port 3000","level":"info"}
{"message":"Server running on port 3000","level":"info"}
{"message":"Server running on port 3000","level":"info"}
{"message":"Server running on port 3000","level":"info"}
{"message":"Server running on port 3000","level":"info"}
{"message":"Server running on port 3000","level":"info"}
{"message":"Server running on port 3000","level":"info"}
{"message":"Server running on port 3000","level":"info"}
{"message":"Server running on port 3000","level":"info"}
{"message":"Server running on port 3000","level":"info"}
{"message":"Server running on port 3000","level":"info"}
{"message":"Server running on port 3000","level":"info"}
{"message":"Server running on port 3000","level":"info"}
{"message":"Server running on port 3000","level":"info"}
{"message":"Server running on port 3000","level":"info"}
{"message":"Server running on port 3000","level":"info"}
{"message":"Server running on port 3000","level":"info"}
{"message":"Server running on port 3000","level":"info"}
{"message":"Server running on port 3000","level":"info"}
{"message":"Server running on port 3000","level":"info"}
{"message":"Server running on port 3000","level":"info"}
{"message":"Server running on port 3000","level":"info"}
{"message":"Server running on port 3000","level":"info"}
{"message":"Server running on port 3000","level":"info"}
{"message":"Server running on port 3000","level":"info"}
{"message":"Server running on port 3000","level":"info"}
{"message":"Server running on port 3000","level":"info"}
{"message":"Server running on port 3000","level":"info"}
{"message":"Server running on port 3000","level":"info"}
{"message":"Server running on port 3000","level":"info"}
{"message":"Server running on port 3000","level":"info"}
{"message":"Server running on port 3000","level":"info"}
{"message":"Server running on port 3000","level":"info"}
{"message":"Server running on port 3000","level":"info"}
{"message":"Server running on port 3000","level":"info"}
